<?xml version="1.0" encoding="UTF-8"?>
<!-- Generated by org.testng.reporters.JUnitReportReporter -->
<testsuite hostname="DESKTOP-UAETRNU" failures="0" tests="4" name="api.testcases.UsertTests2" time="7.798" errors="0" timestamp="2024-06-09T16:07:55 IST" skipped="0">
  <testcase classname="api.testcases.UsertTests2" name="testCreateUser" time="3.007"/>
  <testcase classname="api.testcases.UsertTests2" name="testGetUserData" time="1.245"/>
  <testcase classname="api.testcases.UsertTests2" name="testUpdateUserData" time="2.385"/>
  <testcase classname="api.testcases.UsertTests2" name="testDeleteUserData" time="1.161"/>
</testsuite> <!-- api.testcases.UsertTests2 -->
